<?xml version="1.0" encoding="UTF-8"?>
<testng-results ignored="0" total="1" passed="1" failed="0" skipped="0">
  <reporter-output>
    <line>
      <![CDATA[openBrowser]]>
    </line>
    <line>
      <![CDATA[login]]>
    </line>
    <line>
      <![CDATA[createAndDeleteUser method has got passed]]>
    </line>
    <line>
      <![CDATA[logout]]>
    </line>
    <line>
      <![CDATA[closeBrowser]]>
    </line>
  </reporter-output>
  <suite started-at="2023-12-26T09:02:09 IST" name="Default suite" finished-at="2023-12-26T09:02:18 IST" duration-ms="9430">
    <groups>
    </groups>
    <test started-at="2023-12-26T09:02:09 IST" name="Default test" finished-at="2023-12-26T09:02:18 IST" duration-ms="9430">
      <class name="com.actitime.testscript.UserModule">
        <test-method is-config="true" signature="openBrowser()[pri:0, instance:com.actitime.testscript.UserModule@5a59ca5e]" started-at="2023-12-26T09:02:09 IST" name="openBrowser" finished-at="2023-12-26T09:02:16 IST" duration-ms="7034" status="PASS">
          <reporter-output>
            <line>
              <![CDATA[openBrowser]]>
            </line>
          </reporter-output>
        </test-method> <!-- openBrowser -->
        <test-method is-config="true" signature="login()[pri:0, instance:com.actitime.testscript.UserModule@5a59ca5e]" started-at="2023-12-26T09:02:16 IST" name="login" finished-at="2023-12-26T09:02:16 IST" duration-ms="498" status="PASS">
          <reporter-output>
            <line>
              <![CDATA[login]]>
            </line>
          </reporter-output>
        </test-method> <!-- login -->
        <test-method signature="createAndDeleteUser()[pri:0, instance:com.actitime.testscript.UserModule@5a59ca5e]" started-at="2023-12-26T09:02:16 IST" name="createAndDeleteUser" finished-at="2023-12-26T09:02:16 IST" duration-ms="11" status="PASS">
          <reporter-output>
            <line>
              <![CDATA[createAndDeleteUser method has got passed]]>
            </line>
          </reporter-output>
        </test-method> <!-- createAndDeleteUser -->
        <test-method is-config="true" signature="logout()[pri:0, instance:com.actitime.testscript.UserModule@5a59ca5e]" started-at="2023-12-26T09:02:16 IST" name="logout" finished-at="2023-12-26T09:02:18 IST" duration-ms="1406" status="PASS">
          <reporter-output>
            <line>
              <![CDATA[logout]]>
            </line>
          </reporter-output>
        </test-method> <!-- logout -->
        <test-method is-config="true" signature="closeBrowser()[pri:0, instance:com.actitime.testscript.UserModule@5a59ca5e]" started-at="2023-12-26T09:02:18 IST" name="closeBrowser" finished-at="2023-12-26T09:02:18 IST" duration-ms="392" status="PASS">
          <reporter-output>
            <line>
              <![CDATA[closeBrowser]]>
            </line>
          </reporter-output>
        </test-method> <!-- closeBrowser -->
      </class> <!-- com.actitime.testscript.UserModule -->
    </test> <!-- Default test -->
  </suite> <!-- Default suite -->
</testng-results>
